ssp_sdk/build/intermediates/manifest_merge_blame_file/release/manifest-merger-blame-release-report.txt
1<?xml version="1.0" encoding="utf-8"?>
2<manifest xmlns:android="http://schemas.android.com/apk/res/android"
3    package="com.ssp.sdk" >
4
5    <uses-sdk android:minSdkVersion="26" />
6
7    <uses-permission android:name="android.permission.ACCESS_FINE_LOCATION" />
7-->src/main/AndroidManifest.xml:4:5-79
7-->src/main/AndroidManifest.xml:4:22-76
8    <uses-permission android:name="android.permission.INTERNET" />
8-->src/main/AndroidManifest.xml:5:5-67
8-->src/main/AndroidManifest.xml:5:22-64
9    <uses-permission android:name="android.permission.ACCESS_NETWORK_STATE" />
9-->src/main/AndroidManifest.xml:6:5-79
9-->src/main/AndroidManifest.xml:6:22-76
10    <uses-permission android:name="android.permission.ACCESS_WIFI_STATE" />
10-->src/main/AndroidManifest.xml:7:5-76
10-->src/main/AndroidManifest.xml:7:22-73
11
12    <application>
12-->src/main/AndroidManifest.xml:9:5-13:19
13        <activity
13-->src/main/AndroidManifest.xml:10:9-12:82
14            android:name="com.ssp.sdk.ad.SspFullScreenVideoActivity"
14-->src/main/AndroidManifest.xml:10:19-64
15            android:configChanges="orientation|screenSize|keyboardHidden"
15-->src/main/AndroidManifest.xml:12:19-80
16            android:theme="@android:style/Theme.NoTitleBar.Fullscreen" />
16-->src/main/AndroidManifest.xml:11:19-77
17    </application>
18
19</manifest>